<?xml version="1.0" encoding="UTF-8"?>
<testng-results skipped="0" failed="1" ignored="0" total="1" passed="0">
  <reporter-output>
  </reporter-output>
  <suite name="AutomationDemo-Production" duration-ms="25101" started-at="2021-07-27T12:32:55 IST" finished-at="2021-07-27T12:33:21 IST">
    <groups>
    </groups>
    <test name="Login Functionality Verification" duration-ms="25101" started-at="2021-07-27T12:32:55 IST" finished-at="2021-07-27T12:33:21 IST">
      <class name="com.newdemo.steps.logInTest">
        <test-method status="PASS" signature="LaunchBrowser(java.lang.String, java.lang.String, java.lang.String, java.lang.String)[pri:0, instance:com.newdemo.steps.logInTest@371a67ec]" name="LaunchBrowser" is-config="true" duration-ms="21112" started-at="2021-07-27T12:32:55 IST" finished-at="2021-07-27T12:33:17 IST">
          <params>
            <param index="0">
              <value>
                <![CDATA[https://xyz@hub.lambdatest.com/wd/hub]]>
              </value>
            </param>
            <param index="1">
              <value>
                <![CDATA[local]]>
              </value>
            </param>
            <param index="2">
              <value>
                <![CDATA[browserName:chrome;platform:Windows 10;version:87.0;name:Login Functionality Verification;build:Demo Web Full Regression PROD;resolution:1440x900]]>
              </value>
            </param>
            <param index="3">
              <value>
                <![CDATA[Production]]>
              </value>
            </param>
          </params>
          <reporter-output>
          </reporter-output>
        </test-method> <!-- LaunchBrowser -->
        <test-method status="FAIL" signature="signInTest(java.lang.String)[pri:0, instance:com.newdemo.steps.logInTest@371a67ec]" name="signInTest" duration-ms="3061" started-at="2021-07-27T12:33:17 IST" finished-at="2021-07-27T12:33:20 IST">
          <params>
            <param index="0">
              <value>
                <![CDATA[InputDataRow=>2--SheetName=>Demo]]>
              </value>
            </param>
          </params>
          <exception class="java.lang.NullPointerException">
            <full-stacktrace>
              <![CDATA[java.lang.NullPointerException
at com.newdemo.framework.base.Utilites.FindColumnNoInExcel(Utilites.java:80)
at com.newdemo.framework.base.Utilites.GetCellValueForRowNum(Utilites.java:113)
at com.newdemo.framework.data.LoginData.<init>(LoginData.java:44)
at com.newdemo.framework.controller.ApplicationController.Login(ApplicationController.java:44)
at com.newdemo.steps.logInTest.signInTest(logInTest.java:18)
at sun.reflect.NativeMethodAccessorImpl.invoke0(Native Method)
at sun.reflect.NativeMethodAccessorImpl.invoke(NativeMethodAccessorImpl.java:62)
at sun.reflect.DelegatingMethodAccessorImpl.invoke(DelegatingMethodAccessorImpl.java:43)
at java.lang.reflect.Method.invoke(Method.java:498)
at org.testng.internal.MethodInvocationHelper.invokeMethod(MethodInvocationHelper.java:132)
at org.testng.internal.TestInvoker.invokeMethod(TestInvoker.java:599)
at org.testng.internal.TestInvoker.invokeTestMethod(TestInvoker.java:174)
at org.testng.internal.MethodRunner.runInSequence(MethodRunner.java:46)
at org.testng.internal.TestInvoker$MethodInvocationAgent.invoke(TestInvoker.java:822)
at org.testng.internal.TestInvoker.invokeTestMethods(TestInvoker.java:147)
at org.testng.internal.TestMethodWorker.invokeTestMethods(TestMethodWorker.java:146)
at org.testng.internal.TestMethodWorker.run(TestMethodWorker.java:128)
at java.util.ArrayList.forEach(ArrayList.java:1259)
at org.testng.TestRunner.privateRun(TestRunner.java:764)
at org.testng.TestRunner.run(TestRunner.java:585)
at org.testng.SuiteRunner.runTest(SuiteRunner.java:384)
at org.testng.SuiteRunner.access$000(SuiteRunner.java:28)
at org.testng.SuiteRunner$SuiteWorker.run(SuiteRunner.java:425)
at org.testng.internal.thread.ThreadUtil.lambda$execute$0(ThreadUtil.java:66)
at java.util.concurrent.FutureTask.run(FutureTask.java:266)
at java.util.concurrent.ThreadPoolExecutor.runWorker(ThreadPoolExecutor.java:1149)
at java.util.concurrent.ThreadPoolExecutor$Worker.run(ThreadPoolExecutor.java:624)
at java.lang.Thread.run(Thread.java:748)
]]>
            </full-stacktrace>
          </exception> <!-- java.lang.NullPointerException -->
          <reporter-output>
          </reporter-output>
        </test-method> <!-- signInTest -->
        <test-method status="PASS" signature="afterMethod()[pri:0, instance:com.newdemo.steps.logInTest@371a67ec]" name="afterMethod" is-config="true" duration-ms="1" started-at="2021-07-27T12:33:20 IST" finished-at="2021-07-27T12:33:20 IST">
          <reporter-output>
          </reporter-output>
        </test-method> <!-- afterMethod -->
        <test-method status="PASS" signature="TearDown()[pri:0, instance:com.newdemo.steps.logInTest@371a67ec]" name="TearDown" is-config="true" duration-ms="841" started-at="2021-07-27T12:33:20 IST" finished-at="2021-07-27T12:33:21 IST">
          <reporter-output>
          </reporter-output>
        </test-method> <!-- TearDown -->
      </class> <!-- com.newdemo.steps.logInTest -->
    </test> <!-- Login Functionality Verification -->
  </suite> <!-- AutomationDemo-Production -->
</testng-results>
