<?xml version="1.0" encoding="UTF-8"?>
<!-- Generated by org.testng.reporters.JUnitXMLReporter -->
<testsuite hostname="LAPTOP-RS7I5KBF" ignored="0" name="Login Functionality Verification" tests="1" failures="1" timestamp="2021-07-27T12:33:21 IST" time="25.101" errors="0">
  <testcase name="signInTest" time="3.061" classname="com.newdemo.steps.logInTest">
    <failure type="java.lang.NullPointerException">
      <![CDATA[java.lang.NullPointerException
at com.newdemo.framework.base.Utilites.FindColumnNoInExcel(Utilites.java:80)
at com.newdemo.framework.base.Utilites.GetCellValueForRowNum(Utilites.java:113)
at com.newdemo.framework.data.LoginData.<init>(LoginData.java:44)
at com.newdemo.framework.controller.ApplicationController.Login(ApplicationController.java:44)
at com.newdemo.steps.logInTest.signInTest(logInTest.java:18)
at java.util.ArrayList.forEach(ArrayList.java:1259)
at java.util.concurrent.FutureTask.run(FutureTask.java:266)
at java.util.concurrent.ThreadPoolExecutor.runWorker(ThreadPoolExecutor.java:1149)
at java.util.concurrent.ThreadPoolExecutor$Worker.run(ThreadPoolExecutor.java:624)
at java.lang.Thread.run(Thread.java:748)
... Removed 18 stack frames]]>
    </failure>
  </testcase> <!-- signInTest -->
</testsuite> <!-- Login Functionality Verification -->
